Thu Apr  2 08:37:39     2026: Speicher angezeigt
Thu Apr  2 08:40:27     2026: Speicher angezeigt
Thu Apr  2 08:43:43     2026: Papierkorb geleert
Thu Apr  2 08:43:56     2026: Papierkorb geleert
Thu Apr  2 08:43:58     2026: Papierkorb geleert
Thu Apr  2 10:16:28     2026: Papierkorb geleert
Thu Apr  9 09:24:26     2026: Speicher angezeigt
Thu Apr  9 09:24:32     2026: Speicher angezeigt
Thu Apr  9 09:37:49     2026: Speicher angezeigt
Thu Apr  9 09:39:04     2026: Speicher angezeigt
Thu Apr  9 09:39:13     2026: Papierkorb geleert
Thu Apr  9 09:41:04     2026: Speicher angezeigt
Thu Apr  9 09:43:07     2026: Speicher angezeigt
Thu Apr  9 09:48:46     2026: Papierkorb geleert
Thu Apr  9 09:49:15     2026: Papierkorb geleert
Thu Apr  9 09:49:49     2026: Speicher angezeigt
Thu Apr  9 10:18:28     2026: Papierkorb geleert
Thu Apr  9 10:21:17     2026: Papierkorb geleert
Thu Apr  9 10:21:46     2026: Papierkorb geleert
Thu Apr  9 10:22:13     2026: Papierkorb geleert
Thu Apr  9 10:24:04     2026: Papierkorb geleert
Thu Apr  9 10:24:30     2026: Papierkorb geleert
Thu Apr  9 10:28:03     2026: Papierkorb geleert
Thu Apr  9 10:30:50     2026: Temp bereinigt
Thu Apr  9 10:33:34     2026: Speicher angezeigt
Thu Apr  9 10:40:12     2026: Temp bereinigt
Thu Apr  9 10:40:45     2026: Temp bereinigt
Thu Apr  9 10:41:44     2026: Temp bereinigt
Thu Apr  9 10:45:56     2026: Temp bereinigt
Thu Apr  9 10:49:02     2026: Speicher angezeigt
Thu Apr  9 10:50:32     2026: Speicher angezeigt
Thu Apr  9 10:50:37     2026: Alles ausgeführt
Wed Apr 29 13:50:43     2026: Auto Cleanup ausgeführt
Wed Apr 29 13:51:39     2026: Auto Cleanup ausgeführt
Wed Apr 29 13:52:10     2026: Auto Cleanup ausgeführt
